2023-11-06 01:19:04.100 +03:00  INF  User profile is available. Using 'C:\Users\PC\AppData\Local\ASP.NET\DataProtection-Keys' as key repository and Windows DPAPI to encrypt keys at rest.
2023-11-06 01:19:04.178 +03:00  INF  Application started. Press Ctrl+C to shut down.
2023-11-06 01:19:04.178 +03:00  INF  Hosting environment: Development
2023-11-06 01:19:04.178 +03:00  INF  Content root path: C:\Users\PC\Desktop\CargomdaCase\Cargomda\Cargomda.Case\
2023-11-06 01:19:04.190 +03:00  INF  Request starting HTTP/2 GET https://localhost:44369/ - -
2023-11-06 01:19:05.282 +03:00  INF  Executing endpoint 'Cargomda.UI.Controllers.LoginController.Index (Cargomda.UI)'
2023-11-06 01:19:05.290 +03:00  INF  Route matched with {action = "Index", controller = "Login"}. Executing controller action with signature Microsoft.AspNetCore.Mvc.IActionResult Index() on controller Cargomda.UI.Controllers.LoginController (Cargomda.UI).
2023-11-06 01:19:05.294 +03:00  INF  Executing ViewResult, running view Index.
2023-11-06 01:19:05.348 +03:00  INF  Executed ViewResult - view Index executed in 52.3947ms.
2023-11-06 01:19:05.350 +03:00  INF  Executed action Cargomda.UI.Controllers.LoginController.Index (Cargomda.UI) in 59.5298ms
2023-11-06 01:19:05.350 +03:00  INF  Executed endpoint 'Cargomda.UI.Controllers.LoginController.Index (Cargomda.UI)'
2023-11-06 01:19:05.371 +03:00  INF  Request finished HTTP/2 GET https://localhost:44369/ - - - 200 - text/html;+charset=utf-8 1183.7568ms
2023-11-06 01:19:05.399 +03:00  INF  Request starting HTTP/2 GET https://localhost:44369/_framework/aspnetcore-browser-refresh.js - -
2023-11-06 01:19:05.403 +03:00  INF  Request finished HTTP/2 GET https://localhost:44369/_framework/aspnetcore-browser-refresh.js - - - 200 11992 application/javascript;+charset=utf-8 2.9351ms
2023-11-06 01:19:05.434 +03:00  INF  Request starting HTTP/2 GET https://localhost:44369/_vs/browserLink - -
2023-11-06 01:19:05.460 +03:00  INF  Request finished HTTP/2 GET https://localhost:44369/_vs/browserLink - - - 200 - text/javascript;+charset=UTF-8 25.7141ms
2023-11-06 01:19:07.968 +03:00  INF  Request starting HTTP/2 GET https://localhost:44369/ - -
2023-11-06 01:19:07.972 +03:00  INF  Executing endpoint 'Cargomda.UI.Controllers.LoginController.Index (Cargomda.UI)'
2023-11-06 01:19:07.972 +03:00  INF  Route matched with {action = "Index", controller = "Login"}. Executing controller action with signature Microsoft.AspNetCore.Mvc.IActionResult Index() on controller Cargomda.UI.Controllers.LoginController (Cargomda.UI).
2023-11-06 01:19:07.972 +03:00  INF  Executing ViewResult, running view Index.
2023-11-06 01:19:07.976 +03:00  INF  Executed ViewResult - view Index executed in 4.0703ms.
2023-11-06 01:19:07.976 +03:00  INF  Executed action Cargomda.UI.Controllers.LoginController.Index (Cargomda.UI) in 4.3996ms
2023-11-06 01:19:07.976 +03:00  INF  Executed endpoint 'Cargomda.UI.Controllers.LoginController.Index (Cargomda.UI)'
2023-11-06 01:19:07.977 +03:00  INF  Request finished HTTP/2 GET https://localhost:44369/ - - - 200 - text/html;+charset=utf-8 8.9908ms
2023-11-06 01:19:07.992 +03:00  INF  Request starting HTTP/2 GET https://localhost:44369/_framework/aspnetcore-browser-refresh.js - -
2023-11-06 01:19:07.992 +03:00  INF  Request finished HTTP/2 GET https://localhost:44369/_framework/aspnetcore-browser-refresh.js - - - 200 11992 application/javascript;+charset=utf-8 0.7360ms
2023-11-06 01:19:07.998 +03:00  INF  Request starting HTTP/2 GET https://localhost:44369/_vs/browserLink - -
2023-11-06 01:19:08.017 +03:00  INF  Request finished HTTP/2 GET https://localhost:44369/_vs/browserLink - - - 200 - text/javascript;+charset=UTF-8 19.3741ms
2023-11-06 01:19:16.827 +03:00  INF  Request starting HTTP/2 GET https://localhost:44369/Register/Index/ - -
2023-11-06 01:19:16.836 +03:00  INF  Executing endpoint 'Cargomda.UI.Controllers.RegisterController.Index (Cargomda.UI)'
2023-11-06 01:19:16.837 +03:00  INF  Route matched with {action = "Index", controller = "Register"}. Executing controller action with signature Microsoft.AspNetCore.Mvc.IActionResult Index() on controller Cargomda.UI.Controllers.RegisterController (Cargomda.UI).
2023-11-06 01:19:16.838 +03:00  INF  Executing ViewResult, running view Index.
2023-11-06 01:19:16.849 +03:00  INF  Executed ViewResult - view Index executed in 11.997ms.
2023-11-06 01:19:16.849 +03:00  INF  Executed action Cargomda.UI.Controllers.RegisterController.Index (Cargomda.UI) in 12.3799ms
2023-11-06 01:19:16.849 +03:00  INF  Executed endpoint 'Cargomda.UI.Controllers.RegisterController.Index (Cargomda.UI)'
2023-11-06 01:19:16.850 +03:00  INF  Request finished HTTP/2 GET https://localhost:44369/Register/Index/ - - - 200 - text/html;+charset=utf-8 22.9229ms
2023-11-06 01:19:16.864 +03:00  INF  Request starting HTTP/2 GET https://localhost:44369/_framework/aspnetcore-browser-refresh.js - -
2023-11-06 01:19:16.864 +03:00  INF  Request finished HTTP/2 GET https://localhost:44369/_framework/aspnetcore-browser-refresh.js - - - 200 11992 application/javascript;+charset=utf-8 0.6418ms
2023-11-06 01:19:16.877 +03:00  INF  Request starting HTTP/2 GET https://localhost:44369/_vs/browserLink - -
2023-11-06 01:19:16.895 +03:00  INF  Request finished HTTP/2 GET https://localhost:44369/_vs/browserLink - - - 200 - text/javascript;+charset=UTF-8 17.7825ms
2023-11-06 01:19:16.925 +03:00  INF  Request starting HTTP/2 GET https://localhost:44369/Register/Index/img/favicon.ico - -
2023-11-06 01:19:16.927 +03:00  INF  Executing endpoint 'Cargomda.UI.Controllers.ErrorPageController.NotFound (Cargomda.UI)'
2023-11-06 01:19:16.934 +03:00  INF  Route matched with {action = "NotFound", controller = "ErrorPage"}. Executing controller action with signature Microsoft.AspNetCore.Mvc.IActionResult NotFound(Int32) on controller Cargomda.UI.Controllers.ErrorPageController (Cargomda.UI).
2023-11-06 01:19:16.940 +03:00  INF  Executing ViewResult, running view NotFound.
2023-11-06 01:19:16.947 +03:00  INF  Executed ViewResult - view NotFound executed in 7.713ms.
2023-11-06 01:19:16.947 +03:00  INF  Executed action Cargomda.UI.Controllers.ErrorPageController.NotFound (Cargomda.UI) in 13.619ms
2023-11-06 01:19:16.948 +03:00  INF  Executed endpoint 'Cargomda.UI.Controllers.ErrorPageController.NotFound (Cargomda.UI)'
2023-11-06 01:19:16.948 +03:00  INF  Request finished HTTP/2 GET https://localhost:44369/Register/Index/img/favicon.ico - - - 404 - text/html;+charset=utf-8 23.3219ms
2023-11-06 01:19:41.950 +03:00  INF  User profile is available. Using 'C:\Users\PC\AppData\Local\ASP.NET\DataProtection-Keys' as key repository and Windows DPAPI to encrypt keys at rest.
2023-11-06 01:19:42.068 +03:00  INF  Application started. Press Ctrl+C to shut down.
2023-11-06 01:19:42.069 +03:00  INF  Hosting environment: Development
2023-11-06 01:19:42.069 +03:00  INF  Content root path: C:\Users\PC\Desktop\CargomdaCase\Cargomda\Cargomda.Case\
2023-11-06 01:19:42.084 +03:00  INF  Request starting HTTP/2 GET https://localhost:44369/ - -
2023-11-06 01:19:42.240 +03:00  INF  Executing endpoint 'Cargomda.UI.Controllers.LoginController.Index (Cargomda.UI)'
2023-11-06 01:19:42.254 +03:00  INF  Route matched with {action = "Index", controller = "Login"}. Executing controller action with signature Microsoft.AspNetCore.Mvc.IActionResult Index() on controller Cargomda.UI.Controllers.LoginController (Cargomda.UI).
2023-11-06 01:19:42.262 +03:00  INF  Executing ViewResult, running view Index.
2023-11-06 01:19:42.352 +03:00  INF  Executed ViewResult - view Index executed in 90.7346ms.
2023-11-06 01:19:42.358 +03:00  INF  Executed action Cargomda.UI.Controllers.LoginController.Index (Cargomda.UI) in 103.0785ms
2023-11-06 01:19:42.358 +03:00  INF  Executed endpoint 'Cargomda.UI.Controllers.LoginController.Index (Cargomda.UI)'
2023-11-06 01:19:42.406 +03:00  INF  Request finished HTTP/2 GET https://localhost:44369/ - - - 200 - text/html;+charset=utf-8 325.1218ms
2023-11-06 01:19:42.422 +03:00  INF  Request starting HTTP/2 GET https://localhost:44369/_framework/aspnetcore-browser-refresh.js - -
2023-11-06 01:19:42.431 +03:00  INF  Request finished HTTP/2 GET https://localhost:44369/_framework/aspnetcore-browser-refresh.js - - - 200 11992 application/javascript;+charset=utf-8 4.5077ms
2023-11-06 01:19:42.442 +03:00  INF  Request starting HTTP/2 GET https://localhost:44369/_vs/browserLink - -
2023-11-06 01:19:42.475 +03:00  INF  Request finished HTTP/2 GET https://localhost:44369/_vs/browserLink - - - 200 - text/javascript;+charset=UTF-8 33.0922ms
2023-11-06 01:19:47.032 +03:00  INF  Request starting HTTP/2 POST https://localhost:44369/ application/x-www-form-urlencoded 262
2023-11-06 01:19:47.036 +03:00  INF  Executing endpoint 'Cargomda.UI.Controllers.LoginController.Index (Cargomda.UI)'
2023-11-06 01:19:47.050 +03:00  INF  Route matched with {action = "Index", controller = "Login"}. Executing controller action with signature System.Threading.Tasks.Task`1[Microsoft.AspNetCore.Mvc.IActionResult] Index(Cargomda.UI.Models.LoginViewModel) on controller Cargomda.UI.Controllers.LoginController (Cargomda.UI).
2023-11-06 01:19:48.620 +03:00  WRN  Invalid password for user.
2023-11-06 01:19:48.620 +03:00  WRN  User failed to provide the correct password.
2023-11-06 01:19:48.621 +03:00  INF  Kullanıcı girişi başarısız: mete
2023-11-06 01:19:48.625 +03:00  INF  Executing ViewResult, running view Index.
2023-11-06 01:19:48.630 +03:00  INF  Executed ViewResult - view Index executed in 5.4916ms.
2023-11-06 01:19:48.630 +03:00  INF  Executed action Cargomda.UI.Controllers.LoginController.Index (Cargomda.UI) in 1580.1757ms
2023-11-06 01:19:48.630 +03:00  INF  Executed endpoint 'Cargomda.UI.Controllers.LoginController.Index (Cargomda.UI)'
2023-11-06 01:19:48.638 +03:00  INF  Request finished HTTP/2 POST https://localhost:44369/ application/x-www-form-urlencoded 262 - 200 - text/html;+charset=utf-8 1605.4456ms
2023-11-06 01:19:48.650 +03:00  INF  Request starting HTTP/2 GET https://localhost:44369/_framework/aspnetcore-browser-refresh.js - -
2023-11-06 01:19:48.651 +03:00  INF  Request finished HTTP/2 GET https://localhost:44369/_framework/aspnetcore-browser-refresh.js - - - 200 11992 application/javascript;+charset=utf-8 1.0737ms
2023-11-06 01:19:48.671 +03:00  INF  Request starting HTTP/2 GET https://localhost:44369/_vs/browserLink - -
2023-11-06 01:19:48.692 +03:00  INF  Request finished HTTP/2 GET https://localhost:44369/_vs/browserLink - - - 200 - text/javascript;+charset=UTF-8 21.3178ms
2023-11-06 01:19:52.787 +03:00  INF  Request starting HTTP/2 POST https://localhost:44369/ application/x-www-form-urlencoded 259
2023-11-06 01:19:52.795 +03:00  INF  Executing endpoint 'Cargomda.UI.Controllers.LoginController.Index (Cargomda.UI)'
2023-11-06 01:19:52.795 +03:00  INF  Route matched with {action = "Index", controller = "Login"}. Executing controller action with signature System.Threading.Tasks.Task`1[Microsoft.AspNetCore.Mvc.IActionResult] Index(Cargomda.UI.Models.LoginViewModel) on controller Cargomda.UI.Controllers.LoginController (Cargomda.UI).
2023-11-06 01:19:52.948 +03:00  INF  AuthenticationScheme: Identity.Application signed in.
2023-11-06 01:19:52.950 +03:00  INF  Kullanıcı girişi başarıyla gerçekleşti: mete
2023-11-06 01:19:52.958 +03:00  INF  Executing RedirectResult, redirecting to /Dashboard.
2023-11-06 01:19:52.958 +03:00  INF  Executed action Cargomda.UI.Controllers.LoginController.Index (Cargomda.UI) in 163.5724ms
2023-11-06 01:19:52.958 +03:00  INF  Executed endpoint 'Cargomda.UI.Controllers.LoginController.Index (Cargomda.UI)'
2023-11-06 01:19:52.959 +03:00  INF  Request finished HTTP/2 POST https://localhost:44369/ application/x-www-form-urlencoded 259 - 302 - - 172.3491ms
2023-11-06 01:19:52.963 +03:00  INF  Request starting HTTP/2 GET https://localhost:44369/Dashboard - -
2023-11-06 01:19:52.970 +03:00  INF  Executing endpoint 'Cargomda.UI.Controllers.DashboardController.Index (Cargomda.UI)'
2023-11-06 01:19:52.971 +03:00  INF  Route matched with {action = "Index", controller = "Dashboard"}. Executing controller action with signature Microsoft.AspNetCore.Mvc.IActionResult Index() on controller Cargomda.UI.Controllers.DashboardController (Cargomda.UI).
2023-11-06 01:19:52.972 +03:00  INF  Executing ViewResult, running view Index.
2023-11-06 01:19:53.213 +03:00  INF  Executed ViewResult - view Index executed in 241.6824ms.
2023-11-06 01:19:53.213 +03:00  INF  Executed action Cargomda.UI.Controllers.DashboardController.Index (Cargomda.UI) in 242.2147ms
2023-11-06 01:19:53.213 +03:00  INF  Executed endpoint 'Cargomda.UI.Controllers.DashboardController.Index (Cargomda.UI)'
2023-11-06 01:19:53.218 +03:00  INF  Request finished HTTP/2 GET https://localhost:44369/Dashboard - - - 200 - text/html;+charset=utf-8 255.1402ms
2023-11-06 01:19:53.231 +03:00  INF  Request starting HTTP/2 GET https://localhost:44369/_framework/aspnetcore-browser-refresh.js - -
2023-11-06 01:19:53.232 +03:00  INF  Request finished HTTP/2 GET https://localhost:44369/_framework/aspnetcore-browser-refresh.js - - - 200 11992 application/javascript;+charset=utf-8 0.7431ms
2023-11-06 01:19:53.251 +03:00  INF  Request starting HTTP/2 GET https://localhost:44369/_vs/browserLink - -
2023-11-06 01:19:53.270 +03:00  INF  Request finished HTTP/2 GET https://localhost:44369/_vs/browserLink - - - 200 - text/javascript;+charset=UTF-8 19.4292ms
2023-11-06 01:21:03.196 +03:00  INF  Request starting HTTP/2 GET https://localhost:44369/Category/Index/ - -
2023-11-06 01:21:03.205 +03:00  INF  Executing endpoint 'CategoryController.Index (Cargomda.UI)'
2023-11-06 01:21:03.209 +03:00  INF  Route matched with {action = "Index", controller = "Category"}. Executing controller action with signature Microsoft.AspNetCore.Mvc.IActionResult Index() on controller CategoryController (Cargomda.UI).
2023-11-06 01:21:03.218 +03:00  INF  Kategori listesi başarıyla çekildi.
2023-11-06 01:21:03.241 +03:00  INF  Executing ViewResult, running view Index.
2023-11-06 01:21:03.264 +03:00  INF  Executed ViewResult - view Index executed in 23.4783ms.
2023-11-06 01:21:03.264 +03:00  INF  Executed action CategoryController.Index (Cargomda.UI) in 55.4263ms
2023-11-06 01:21:03.264 +03:00  INF  Executed endpoint 'CategoryController.Index (Cargomda.UI)'
2023-11-06 01:21:03.271 +03:00  INF  Request finished HTTP/2 GET https://localhost:44369/Category/Index/ - - - 200 - text/html;+charset=utf-8 75.1505ms
2023-11-06 01:21:03.285 +03:00  INF  Request starting HTTP/2 GET https://localhost:44369/Cargomda.Case.styles.css - -
2023-11-06 01:21:03.286 +03:00  INF  Request starting HTTP/2 GET https://localhost:44369/_framework/aspnetcore-browser-refresh.js - -
2023-11-06 01:21:03.287 +03:00  INF  Request finished HTTP/2 GET https://localhost:44369/_framework/aspnetcore-browser-refresh.js - - - 200 11992 application/javascript;+charset=utf-8 1.0286ms
2023-11-06 01:21:03.289 +03:00  INF  Executing endpoint 'Cargomda.UI.Controllers.ErrorPageController.NotFound (Cargomda.UI)'
2023-11-06 01:21:03.290 +03:00  INF  Route matched with {action = "NotFound", controller = "ErrorPage"}. Executing controller action with signature Microsoft.AspNetCore.Mvc.IActionResult NotFound(Int32) on controller Cargomda.UI.Controllers.ErrorPageController (Cargomda.UI).
2023-11-06 01:21:03.295 +03:00  INF  Executing ViewResult, running view NotFound.
2023-11-06 01:21:03.303 +03:00  INF  Request starting HTTP/2 GET https://localhost:44369/_vs/browserLink - -
2023-11-06 01:21:03.303 +03:00  INF  Executed ViewResult - view NotFound executed in 8.569ms.
2023-11-06 01:21:03.303 +03:00  INF  Executed action Cargomda.UI.Controllers.ErrorPageController.NotFound (Cargomda.UI) in 13.7511ms
2023-11-06 01:21:03.304 +03:00  INF  Executed endpoint 'Cargomda.UI.Controllers.ErrorPageController.NotFound (Cargomda.UI)'
2023-11-06 01:21:03.304 +03:00  INF  Request finished HTTP/2 GET https://localhost:44369/Cargomda.Case.styles.css - - - 404 - text/html;+charset=utf-8 18.7725ms
2023-11-06 01:21:03.326 +03:00  INF  Request finished HTTP/2 GET https://localhost:44369/_vs/browserLink - - - 200 - text/javascript;+charset=UTF-8 23.6036ms
2023-11-06 01:21:08.282 +03:00  INF  Request starting HTTP/2 GET https://localhost:44369/Product/GetProductsByCategory?categoryId=39 - -
2023-11-06 01:21:08.283 +03:00  INF  Executing endpoint 'Cargomda.UI.Controllers.ProductController.GetProductsByCategory (Cargomda.UI)'
2023-11-06 01:21:08.284 +03:00  INF  Route matched with {action = "GetProductsByCategory", controller = "Product"}. Executing controller action with signature Microsoft.AspNetCore.Mvc.IActionResult GetProductsByCategory(Int32) on controller Cargomda.UI.Controllers.ProductController (Cargomda.UI).
2023-11-06 01:21:08.288 +03:00  INF  Executing JsonResult, writing value of type 'System.Collections.Generic.List`1[[Entity.Concrete.Product, Entity, Version=1.0.0.0, Culture=neutral, PublicKeyToken=null]]'.
2023-11-06 01:21:08.312 +03:00  INF  Executed action Cargomda.UI.Controllers.ProductController.GetProductsByCategory (Cargomda.UI) in 27.6092ms
2023-11-06 01:21:08.312 +03:00  INF  Executed endpoint 'Cargomda.UI.Controllers.ProductController.GetProductsByCategory (Cargomda.UI)'
2023-11-06 01:21:08.312 +03:00  INF  Request finished HTTP/2 GET https://localhost:44369/Product/GetProductsByCategory?categoryId=39 - - - 200 - application/json;+charset=utf-8 29.4563ms
2023-11-06 01:21:10.913 +03:00  INF  Request starting HTTP/2 GET https://localhost:44369/Product/GetProductsByCategory?categoryId=42 - -
2023-11-06 01:21:10.914 +03:00  INF  Executing endpoint 'Cargomda.UI.Controllers.ProductController.GetProductsByCategory (Cargomda.UI)'
2023-11-06 01:21:10.914 +03:00  INF  Route matched with {action = "GetProductsByCategory", controller = "Product"}. Executing controller action with signature Microsoft.AspNetCore.Mvc.IActionResult GetProductsByCategory(Int32) on controller Cargomda.UI.Controllers.ProductController (Cargomda.UI).
2023-11-06 01:21:10.916 +03:00  INF  Executing JsonResult, writing value of type 'System.Collections.Generic.List`1[[Entity.Concrete.Product, Entity, Version=1.0.0.0, Culture=neutral, PublicKeyToken=null]]'.
2023-11-06 01:21:10.932 +03:00  INF  Executed action Cargomda.UI.Controllers.ProductController.GetProductsByCategory (Cargomda.UI) in 17.3595ms
2023-11-06 01:21:10.932 +03:00  INF  Executed endpoint 'Cargomda.UI.Controllers.ProductController.GetProductsByCategory (Cargomda.UI)'
2023-11-06 01:21:10.932 +03:00  INF  Request finished HTTP/2 GET https://localhost:44369/Product/GetProductsByCategory?categoryId=42 - - - 200 - application/json;+charset=utf-8 18.8996ms
2023-11-06 01:21:13.734 +03:00  INF  Request starting HTTP/2 GET https://localhost:44369/Product/GetProductsByCategory?categoryId=63 - -
2023-11-06 01:21:13.734 +03:00  INF  Executing endpoint 'Cargomda.UI.Controllers.ProductController.GetProductsByCategory (Cargomda.UI)'
2023-11-06 01:21:13.734 +03:00  INF  Route matched with {action = "GetProductsByCategory", controller = "Product"}. Executing controller action with signature Microsoft.AspNetCore.Mvc.IActionResult GetProductsByCategory(Int32) on controller Cargomda.UI.Controllers.ProductController (Cargomda.UI).
2023-11-06 01:21:13.735 +03:00  INF  Executing JsonResult, writing value of type 'System.Collections.Generic.List`1[[Entity.Concrete.Product, Entity, Version=1.0.0.0, Culture=neutral, PublicKeyToken=null]]'.
2023-11-06 01:21:13.736 +03:00  INF  Executed action Cargomda.UI.Controllers.ProductController.GetProductsByCategory (Cargomda.UI) in 1.3735ms
2023-11-06 01:21:13.736 +03:00  INF  Executed endpoint 'Cargomda.UI.Controllers.ProductController.GetProductsByCategory (Cargomda.UI)'
2023-11-06 01:21:13.736 +03:00  INF  Request finished HTTP/2 GET https://localhost:44369/Product/GetProductsByCategory?categoryId=63 - - - 200 - application/json;+charset=utf-8 2.1068ms
2023-11-06 01:21:55.260 +03:00  INF  Request starting HTTP/2 GET https://localhost:44369/Product/GetProductsByCategory?categoryId=62 - -
2023-11-06 01:21:55.261 +03:00  INF  Executing endpoint 'Cargomda.UI.Controllers.ProductController.GetProductsByCategory (Cargomda.UI)'
2023-11-06 01:21:55.261 +03:00  INF  Route matched with {action = "GetProductsByCategory", controller = "Product"}. Executing controller action with signature Microsoft.AspNetCore.Mvc.IActionResult GetProductsByCategory(Int32) on controller Cargomda.UI.Controllers.ProductController (Cargomda.UI).
2023-11-06 01:21:55.284 +03:00  INF  Executing JsonResult, writing value of type 'System.Collections.Generic.List`1[[Entity.Concrete.Product, Entity, Version=1.0.0.0, Culture=neutral, PublicKeyToken=null]]'.
2023-11-06 01:21:55.284 +03:00  INF  Executed action Cargomda.UI.Controllers.ProductController.GetProductsByCategory (Cargomda.UI) in 23.226ms
2023-11-06 01:21:55.284 +03:00  INF  Executed endpoint 'Cargomda.UI.Controllers.ProductController.GetProductsByCategory (Cargomda.UI)'
2023-11-06 01:21:55.284 +03:00  INF  Request finished HTTP/2 GET https://localhost:44369/Product/GetProductsByCategory?categoryId=62 - - - 200 - application/json;+charset=utf-8 24.0825ms
2023-11-06 01:22:14.595 +03:00  INF  Request starting HTTP/2 GET https://localhost:44369/_framework/aspnetcore-browser-refresh.js - -
2023-11-06 01:22:14.596 +03:00  INF  Request finished HTTP/2 GET https://localhost:44369/_framework/aspnetcore-browser-refresh.js - - - 200 11992 application/javascript;+charset=utf-8 0.7598ms
2023-11-06 01:22:16.125 +03:00  INF  Request starting HTTP/2 GET https://localhost:44369/Category/Crud/ - -
2023-11-06 01:22:16.127 +03:00  INF  Executing endpoint 'CategoryController.Crud (Cargomda.UI)'
2023-11-06 01:22:16.128 +03:00  INF  Route matched with {action = "Crud", controller = "Category"}. Executing controller action with signature Microsoft.AspNetCore.Mvc.IActionResult Crud() on controller CategoryController (Cargomda.UI).
2023-11-06 01:22:16.130 +03:00  INF  Executing ViewResult, running view Crud.
2023-11-06 01:22:16.139 +03:00  INF  Executed ViewResult - view Crud executed in 9.5245ms.
2023-11-06 01:22:16.139 +03:00  INF  Executed action CategoryController.Crud (Cargomda.UI) in 11.1832ms
2023-11-06 01:22:16.139 +03:00  INF  Executed endpoint 'CategoryController.Crud (Cargomda.UI)'
2023-11-06 01:22:16.144 +03:00  INF  Request finished HTTP/2 GET https://localhost:44369/Category/Crud/ - - - 200 - text/html;+charset=utf-8 18.9326ms
2023-11-06 01:22:16.156 +03:00  INF  Request starting HTTP/2 GET https://localhost:44369/_framework/aspnetcore-browser-refresh.js - -
2023-11-06 01:22:16.157 +03:00  INF  Request finished HTTP/2 GET https://localhost:44369/_framework/aspnetcore-browser-refresh.js - - - 200 11992 application/javascript;+charset=utf-8 0.7301ms
2023-11-06 01:22:16.164 +03:00  INF  Request starting HTTP/2 GET https://localhost:44369/_vs/browserLink - -
2023-11-06 01:22:16.183 +03:00  INF  Request finished HTTP/2 GET https://localhost:44369/_vs/browserLink - - - 200 - text/javascript;+charset=UTF-8 19.5592ms
2023-11-06 01:22:41.867 +03:00  INF  Request starting HTTP/2 GET https://localhost:44369/Product/Index/ - -
2023-11-06 01:22:41.867 +03:00  INF  Executing endpoint 'Cargomda.UI.Controllers.ProductController.Index (Cargomda.UI)'
2023-11-06 01:22:41.868 +03:00  INF  Route matched with {action = "Index", controller = "Product"}. Executing controller action with signature Microsoft.AspNetCore.Mvc.IActionResult Index() on controller Cargomda.UI.Controllers.ProductController (Cargomda.UI).
2023-11-06 01:22:41.870 +03:00  INF  Ürün listesi başarıyla çekildi.
2023-11-06 01:22:41.870 +03:00  INF  Executing ViewResult, running view Index.
2023-11-06 01:22:41.883 +03:00  INF  Executed ViewResult - view Index executed in 13.6166ms.
2023-11-06 01:22:41.883 +03:00  INF  Executed action Cargomda.UI.Controllers.ProductController.Index (Cargomda.UI) in 15.2247ms
2023-11-06 01:22:41.884 +03:00  INF  Executed endpoint 'Cargomda.UI.Controllers.ProductController.Index (Cargomda.UI)'
2023-11-06 01:22:41.888 +03:00  INF  Request finished HTTP/2 GET https://localhost:44369/Product/Index/ - - - 200 - text/html;+charset=utf-8 21.2738ms
2023-11-06 01:22:41.903 +03:00  INF  Request starting HTTP/2 GET https://localhost:44369/_framework/aspnetcore-browser-refresh.js - -
2023-11-06 01:22:41.903 +03:00  INF  Request finished HTTP/2 GET https://localhost:44369/_framework/aspnetcore-browser-refresh.js - - - 200 11992 application/javascript;+charset=utf-8 0.7221ms
2023-11-06 01:22:41.910 +03:00  INF  Request starting HTTP/2 GET https://localhost:44369/_vs/browserLink - -
2023-11-06 01:22:41.931 +03:00  INF  Request finished HTTP/2 GET https://localhost:44369/_vs/browserLink - - - 200 - text/javascript;+charset=UTF-8 20.8285ms
2023-11-06 01:22:57.430 +03:00  INF  Request starting HTTP/2 GET https://localhost:44369/Product/Index/ - -
2023-11-06 01:22:57.431 +03:00  INF  Executing endpoint 'Cargomda.UI.Controllers.ProductController.Index (Cargomda.UI)'
2023-11-06 01:22:57.431 +03:00  INF  Route matched with {action = "Index", controller = "Product"}. Executing controller action with signature Microsoft.AspNetCore.Mvc.IActionResult Index() on controller Cargomda.UI.Controllers.ProductController (Cargomda.UI).
2023-11-06 01:22:57.433 +03:00  INF  Ürün listesi başarıyla çekildi.
2023-11-06 01:22:57.433 +03:00  INF  Executing ViewResult, running view Index.
2023-11-06 01:22:57.440 +03:00  INF  Executed ViewResult - view Index executed in 7.0139ms.
2023-11-06 01:22:57.440 +03:00  INF  Executed action Cargomda.UI.Controllers.ProductController.Index (Cargomda.UI) in 8.4999ms
2023-11-06 01:22:57.440 +03:00  INF  Executed endpoint 'Cargomda.UI.Controllers.ProductController.Index (Cargomda.UI)'
2023-11-06 01:22:57.444 +03:00  INF  Request finished HTTP/2 GET https://localhost:44369/Product/Index/ - - - 200 - text/html;+charset=utf-8 13.9935ms
2023-11-06 01:22:57.457 +03:00  INF  Request starting HTTP/2 GET https://localhost:44369/_framework/aspnetcore-browser-refresh.js - -
2023-11-06 01:22:57.458 +03:00  INF  Request finished HTTP/2 GET https://localhost:44369/_framework/aspnetcore-browser-refresh.js - - - 200 11992 application/javascript;+charset=utf-8 0.7230ms
2023-11-06 01:22:57.474 +03:00  INF  Request starting HTTP/2 GET https://localhost:44369/_vs/browserLink - -
2023-11-06 01:22:57.493 +03:00  INF  Request finished HTTP/2 GET https://localhost:44369/_vs/browserLink - - - 200 - text/javascript;+charset=UTF-8 18.5063ms
2023-11-06 01:23:42.123 +03:00  INF  User profile is available. Using 'C:\Users\PC\AppData\Local\ASP.NET\DataProtection-Keys' as key repository and Windows DPAPI to encrypt keys at rest.
2023-11-06 01:23:42.247 +03:00  INF  Application started. Press Ctrl+C to shut down.
2023-11-06 01:23:42.247 +03:00  INF  Hosting environment: Development
2023-11-06 01:23:42.247 +03:00  INF  Content root path: C:\Users\PC\Desktop\CargomdaCase\Cargomda\Cargomda.Case\
2023-11-06 01:23:42.263 +03:00  INF  Request starting HTTP/2 GET https://localhost:44369/ - -
2023-11-06 01:23:42.415 +03:00  INF  Executing endpoint 'Cargomda.UI.Controllers.LoginController.Index (Cargomda.UI)'
2023-11-06 01:23:42.426 +03:00  INF  Route matched with {action = "Index", controller = "Login"}. Executing controller action with signature Microsoft.AspNetCore.Mvc.IActionResult Index() on controller Cargomda.UI.Controllers.LoginController (Cargomda.UI).
2023-11-06 01:23:42.433 +03:00  INF  Executing ViewResult, running view Index.
2023-11-06 01:23:42.526 +03:00  INF  Executed ViewResult - view Index executed in 92.4611ms.
2023-11-06 01:23:42.531 +03:00  INF  Executed action Cargomda.UI.Controllers.LoginController.Index (Cargomda.UI) in 105.0521ms
2023-11-06 01:23:42.532 +03:00  INF  Executed endpoint 'Cargomda.UI.Controllers.LoginController.Index (Cargomda.UI)'
2023-11-06 01:23:42.570 +03:00  INF  Request finished HTTP/2 GET https://localhost:44369/ - - - 200 - text/html;+charset=utf-8 310.4169ms
2023-11-06 01:23:42.588 +03:00  INF  Request starting HTTP/2 GET https://localhost:44369/_framework/aspnetcore-browser-refresh.js - -
2023-11-06 01:23:42.598 +03:00  INF  Request starting HTTP/2 GET https://localhost:44369/_vs/browserLink - -
2023-11-06 01:23:42.598 +03:00  INF  Request finished HTTP/2 GET https://localhost:44369/_framework/aspnetcore-browser-refresh.js - - - 200 11992 application/javascript;+charset=utf-8 4.6446ms
2023-11-06 01:23:42.626 +03:00  INF  Request finished HTTP/2 GET https://localhost:44369/_vs/browserLink - - - 200 - text/javascript;+charset=UTF-8 27.5510ms
2023-11-06 01:23:46.581 +03:00  INF  Request starting HTTP/2 POST https://localhost:44369/ application/x-www-form-urlencoded 259
2023-11-06 01:23:46.584 +03:00  INF  Executing endpoint 'Cargomda.UI.Controllers.LoginController.Index (Cargomda.UI)'
2023-11-06 01:23:46.597 +03:00  INF  Route matched with {action = "Index", controller = "Login"}. Executing controller action with signature System.Threading.Tasks.Task`1[Microsoft.AspNetCore.Mvc.IActionResult] Index(Cargomda.UI.Models.LoginViewModel) on controller Cargomda.UI.Controllers.LoginController (Cargomda.UI).
2023-11-06 01:23:48.257 +03:00  INF  AuthenticationScheme: Identity.Application signed in.
2023-11-06 01:23:48.259 +03:00  INF  Kullanıcı girişi başarıyla gerçekleşti: mete
2023-11-06 01:23:48.270 +03:00  INF  Executing RedirectResult, redirecting to /Dashboard.
2023-11-06 01:23:48.270 +03:00  INF  Executed action Cargomda.UI.Controllers.LoginController.Index (Cargomda.UI) in 1672.8812ms
2023-11-06 01:23:48.270 +03:00  INF  Executed endpoint 'Cargomda.UI.Controllers.LoginController.Index (Cargomda.UI)'
2023-11-06 01:23:48.275 +03:00  INF  Request starting HTTP/2 GET https://localhost:44369/Dashboard - -
2023-11-06 01:23:48.276 +03:00  INF  Request finished HTTP/2 POST https://localhost:44369/ application/x-www-form-urlencoded 259 - 302 - - 1694.8654ms
2023-11-06 01:23:48.287 +03:00  INF  Executing endpoint 'Cargomda.UI.Controllers.DashboardController.Index (Cargomda.UI)'
2023-11-06 01:23:48.287 +03:00  INF  Route matched with {action = "Index", controller = "Dashboard"}. Executing controller action with signature Microsoft.AspNetCore.Mvc.IActionResult Index() on controller Cargomda.UI.Controllers.DashboardController (Cargomda.UI).
2023-11-06 01:23:48.288 +03:00  INF  Executing ViewResult, running view Index.
2023-11-06 01:23:48.556 +03:00  INF  Executed ViewResult - view Index executed in 268.2698ms.
2023-11-06 01:23:48.556 +03:00  INF  Executed action Cargomda.UI.Controllers.DashboardController.Index (Cargomda.UI) in 268.588ms
2023-11-06 01:23:48.556 +03:00  INF  Executed endpoint 'Cargomda.UI.Controllers.DashboardController.Index (Cargomda.UI)'
2023-11-06 01:23:48.563 +03:00  INF  Request finished HTTP/2 GET https://localhost:44369/Dashboard - - - 200 - text/html;+charset=utf-8 288.3549ms
2023-11-06 01:23:48.578 +03:00  INF  Request starting HTTP/2 GET https://localhost:44369/_framework/aspnetcore-browser-refresh.js - -
2023-11-06 01:23:48.579 +03:00  INF  Request finished HTTP/2 GET https://localhost:44369/_framework/aspnetcore-browser-refresh.js - - - 200 11992 application/javascript;+charset=utf-8 0.7186ms
2023-11-06 01:23:48.593 +03:00  INF  Request starting HTTP/2 GET https://localhost:44369/_vs/browserLink - -
2023-11-06 01:23:48.619 +03:00  INF  Request finished HTTP/2 GET https://localhost:44369/_vs/browserLink - - - 200 - text/javascript;+charset=UTF-8 25.3003ms
2023-11-06 01:23:50.110 +03:00  INF  Request starting HTTP/2 GET https://localhost:44369/Product/Index/ - -
2023-11-06 01:23:50.112 +03:00  INF  Executing endpoint 'Cargomda.UI.Controllers.ProductController.Index (Cargomda.UI)'
2023-11-06 01:23:50.112 +03:00  INF  Route matched with {action = "Index", controller = "Product"}. Executing controller action with signature Microsoft.AspNetCore.Mvc.IActionResult Index() on controller Cargomda.UI.Controllers.ProductController (Cargomda.UI).
2023-11-06 01:23:50.114 +03:00  INF  Ürün listesi başarıyla çekildi.
2023-11-06 01:23:50.115 +03:00  INF  Executing ViewResult, running view Index.
2023-11-06 01:23:50.122 +03:00  INF  Executed ViewResult - view Index executed in 7.3727ms.
2023-11-06 01:23:50.122 +03:00  INF  Executed action Cargomda.UI.Controllers.ProductController.Index (Cargomda.UI) in 9.0682ms
2023-11-06 01:23:50.122 +03:00  INF  Executed endpoint 'Cargomda.UI.Controllers.ProductController.Index (Cargomda.UI)'
2023-11-06 01:23:50.124 +03:00  INF  Request finished HTTP/2 GET https://localhost:44369/Product/Index/ - - - 200 - text/html;+charset=utf-8 14.0858ms
2023-11-06 01:23:50.136 +03:00  INF  Request starting HTTP/2 GET https://localhost:44369/_framework/aspnetcore-browser-refresh.js - -
2023-11-06 01:23:50.137 +03:00  INF  Request finished HTTP/2 GET https://localhost:44369/_framework/aspnetcore-browser-refresh.js - - - 200 11992 application/javascript;+charset=utf-8 0.6571ms
2023-11-06 01:23:50.145 +03:00  INF  Request starting HTTP/2 GET https://localhost:44369/_vs/browserLink - -
2023-11-06 01:23:50.166 +03:00  INF  Request finished HTTP/2 GET https://localhost:44369/_vs/browserLink - - - 200 - text/javascript;+charset=UTF-8 20.4825ms
2023-11-06 01:23:57.695 +03:00  INF  Request starting HTTP/2 GET https://localhost:44369/Product/Index/ - -
2023-11-06 01:23:57.697 +03:00  INF  Executing endpoint 'Cargomda.UI.Controllers.ProductController.Index (Cargomda.UI)'
2023-11-06 01:23:57.697 +03:00  INF  Route matched with {action = "Index", controller = "Product"}. Executing controller action with signature Microsoft.AspNetCore.Mvc.IActionResult Index() on controller Cargomda.UI.Controllers.ProductController (Cargomda.UI).
2023-11-06 01:23:57.699 +03:00  INF  Ürün listesi başarıyla çekildi.
2023-11-06 01:23:57.699 +03:00  INF  Executing ViewResult, running view Index.
2023-11-06 01:23:57.704 +03:00  INF  Executed ViewResult - view Index executed in 4.9308ms.
2023-11-06 01:23:57.704 +03:00  INF  Executed action Cargomda.UI.Controllers.ProductController.Index (Cargomda.UI) in 7.069ms
2023-11-06 01:23:57.704 +03:00  INF  Executed endpoint 'Cargomda.UI.Controllers.ProductController.Index (Cargomda.UI)'
2023-11-06 01:23:57.706 +03:00  INF  Request finished HTTP/2 GET https://localhost:44369/Product/Index/ - - - 200 - text/html;+charset=utf-8 11.1230ms
2023-11-06 01:23:57.719 +03:00  INF  Request starting HTTP/2 GET https://localhost:44369/_framework/aspnetcore-browser-refresh.js - -
2023-11-06 01:23:57.720 +03:00  INF  Request finished HTTP/2 GET https://localhost:44369/_framework/aspnetcore-browser-refresh.js - - - 200 11992 application/javascript;+charset=utf-8 0.7554ms
2023-11-06 01:23:57.745 +03:00  INF  Request starting HTTP/2 GET https://localhost:44369/_vs/browserLink - -
2023-11-06 01:23:57.763 +03:00  INF  Request finished HTTP/2 GET https://localhost:44369/_vs/browserLink - - - 200 - text/javascript;+charset=UTF-8 18.4748ms
2023-11-06 01:24:26.777 +03:00  INF  Request starting HTTP/2 GET https://localhost:44369/Users/Index/ - -
2023-11-06 01:24:26.778 +03:00  INF  Executing endpoint 'Cargomda.UI.Controllers.UsersController.Index (Cargomda.UI)'
2023-11-06 01:24:26.779 +03:00  INF  Route matched with {action = "Index", controller = "Users"}. Executing controller action with signature Microsoft.AspNetCore.Mvc.IActionResult Index() on controller Cargomda.UI.Controllers.UsersController (Cargomda.UI).
2023-11-06 01:24:26.792 +03:00  INF  Kullanıcılar başarıyla listelendi.
2023-11-06 01:24:26.793 +03:00  INF  Executing ViewResult, running view Index.
2023-11-06 01:24:26.801 +03:00  INF  Executed ViewResult - view Index executed in 8.6718ms.
2023-11-06 01:24:26.801 +03:00  INF  Executed action Cargomda.UI.Controllers.UsersController.Index (Cargomda.UI) in 21.9628ms
2023-11-06 01:24:26.801 +03:00  INF  Executed endpoint 'Cargomda.UI.Controllers.UsersController.Index (Cargomda.UI)'
2023-11-06 01:24:26.803 +03:00  INF  Request finished HTTP/2 GET https://localhost:44369/Users/Index/ - - - 200 - text/html;+charset=utf-8 25.7154ms
2023-11-06 01:24:26.816 +03:00  INF  Request starting HTTP/2 GET https://localhost:44369/_framework/aspnetcore-browser-refresh.js - -
2023-11-06 01:24:26.817 +03:00  INF  Request finished HTTP/2 GET https://localhost:44369/_framework/aspnetcore-browser-refresh.js - - - 200 11992 application/javascript;+charset=utf-8 0.7658ms
2023-11-06 01:24:26.824 +03:00  INF  Request starting HTTP/2 GET https://localhost:44369/_vs/browserLink - -
2023-11-06 01:24:26.847 +03:00  INF  Request finished HTTP/2 GET https://localhost:44369/_vs/browserLink - - - 200 - text/javascript;+charset=UTF-8 23.3901ms
2023-11-06 01:24:43.061 +03:00  INF  Request starting HTTP/2 GET https://localhost:44369/Users/Index/index.html - -
2023-11-06 01:24:43.063 +03:00  INF  Executing endpoint 'Cargomda.UI.Controllers.UsersController.Index (Cargomda.UI)'
2023-11-06 01:24:43.063 +03:00  INF  Route matched with {action = "Index", controller = "Users"}. Executing controller action with signature Microsoft.AspNetCore.Mvc.IActionResult Index() on controller Cargomda.UI.Controllers.UsersController (Cargomda.UI).
2023-11-06 01:24:43.064 +03:00  INF  Kullanıcılar başarıyla listelendi.
2023-11-06 01:24:43.064 +03:00  INF  Executing ViewResult, running view Index.
2023-11-06 01:24:43.072 +03:00  INF  Executed ViewResult - view Index executed in 7.5251ms.
2023-11-06 01:24:43.072 +03:00  INF  Executed action Cargomda.UI.Controllers.UsersController.Index (Cargomda.UI) in 9.1082ms
2023-11-06 01:24:43.073 +03:00  INF  Executed endpoint 'Cargomda.UI.Controllers.UsersController.Index (Cargomda.UI)'
2023-11-06 01:24:43.075 +03:00  INF  Request finished HTTP/2 GET https://localhost:44369/Users/Index/index.html - - - 200 - text/html;+charset=utf-8 13.5179ms
2023-11-06 01:24:43.088 +03:00  INF  Request starting HTTP/2 GET https://localhost:44369/_framework/aspnetcore-browser-refresh.js - -
2023-11-06 01:24:43.089 +03:00  INF  Request finished HTTP/2 GET https://localhost:44369/_framework/aspnetcore-browser-refresh.js - - - 200 11992 application/javascript;+charset=utf-8 0.7443ms
2023-11-06 01:24:43.096 +03:00  INF  Request starting HTTP/2 GET https://localhost:44369/_vs/browserLink - -
2023-11-06 01:24:43.115 +03:00  INF  Request finished HTTP/2 GET https://localhost:44369/_vs/browserLink - - - 200 - text/javascript;+charset=UTF-8 18.8273ms
2023-11-06 01:24:45.283 +03:00  INF  Request starting HTTP/2 GET https://localhost:44369/Login/LogOut/ - -
2023-11-06 01:24:45.284 +03:00  INF  Executing endpoint 'Cargomda.UI.Controllers.LoginController.LogOut (Cargomda.UI)'
2023-11-06 01:24:45.286 +03:00  INF  Route matched with {action = "LogOut", controller = "Login"}. Executing controller action with signature System.Threading.Tasks.Task`1[Microsoft.AspNetCore.Mvc.IActionResult] LogOut() on controller Cargomda.UI.Controllers.LoginController (Cargomda.UI).
2023-11-06 01:24:45.289 +03:00  INF  AuthenticationScheme: Cookies signed out.
2023-11-06 01:24:45.289 +03:00  INF  Kullanıcı başarıyla çıkış yaptı
2023-11-06 01:24:45.289 +03:00  INF  Executing RedirectResult, redirecting to /.
2023-11-06 01:24:45.290 +03:00  INF  Executed action Cargomda.UI.Controllers.LoginController.LogOut (Cargomda.UI) in 3.3425ms
2023-11-06 01:24:45.290 +03:00  INF  Executed endpoint 'Cargomda.UI.Controllers.LoginController.LogOut (Cargomda.UI)'
2023-11-06 01:24:45.290 +03:00  INF  Request finished HTTP/2 GET https://localhost:44369/Login/LogOut/ - - - 302 - - 6.4697ms
2023-11-06 01:24:45.293 +03:00  INF  Request starting HTTP/2 GET https://localhost:44369/ - -
2023-11-06 01:24:45.294 +03:00  INF  Executing endpoint 'Cargomda.UI.Controllers.LoginController.Index (Cargomda.UI)'
2023-11-06 01:24:45.294 +03:00  INF  Route matched with {action = "Index", controller = "Login"}. Executing controller action with signature Microsoft.AspNetCore.Mvc.IActionResult Index() on controller Cargomda.UI.Controllers.LoginController (Cargomda.UI).
2023-11-06 01:24:45.294 +03:00  INF  Executing ViewResult, running view Index.
2023-11-06 01:24:45.299 +03:00  INF  Executed ViewResult - view Index executed in 5.5581ms.
2023-11-06 01:24:45.300 +03:00  INF  Executed action Cargomda.UI.Controllers.LoginController.Index (Cargomda.UI) in 5.9636ms
2023-11-06 01:24:45.300 +03:00  INF  Executed endpoint 'Cargomda.UI.Controllers.LoginController.Index (Cargomda.UI)'
2023-11-06 01:24:45.301 +03:00  INF  Request finished HTTP/2 GET https://localhost:44369/ - - - 200 - text/html;+charset=utf-8 8.0234ms
2023-11-06 01:24:45.315 +03:00  INF  Request starting HTTP/2 GET https://localhost:44369/_framework/aspnetcore-browser-refresh.js - -
2023-11-06 01:24:45.316 +03:00  INF  Request finished HTTP/2 GET https://localhost:44369/_framework/aspnetcore-browser-refresh.js - - - 200 11992 application/javascript;+charset=utf-8 0.7207ms
2023-11-06 01:24:45.324 +03:00  INF  Request starting HTTP/2 GET https://localhost:44369/_vs/browserLink - -
2023-11-06 01:24:45.344 +03:00  INF  Request finished HTTP/2 GET https://localhost:44369/_vs/browserLink - - - 200 - text/javascript;+charset=UTF-8 19.9332ms
2023-11-06 01:24:54.548 +03:00  INF  Request starting HTTP/2 GET https://localhost:44369/_framework/aspnetcore-browser-refresh.js - -
2023-11-06 01:24:54.549 +03:00  INF  Request finished HTTP/2 GET https://localhost:44369/_framework/aspnetcore-browser-refresh.js - - - 200 11992 application/javascript;+charset=utf-8 0.7801ms
2023-11-06 01:25:10.454 +03:00  INF  User profile is available. Using 'C:\Users\PC\AppData\Local\ASP.NET\DataProtection-Keys' as key repository and Windows DPAPI to encrypt keys at rest.
2023-11-06 01:25:10.576 +03:00  INF  Application started. Press Ctrl+C to shut down.
2023-11-06 01:25:10.576 +03:00  INF  Hosting environment: Development
2023-11-06 01:25:10.576 +03:00  INF  Content root path: C:\Users\PC\Desktop\CargomdaCase\Cargomda\Cargomda.Case\
2023-11-06 01:25:10.592 +03:00  INF  Request starting HTTP/2 GET https://localhost:44369/ - -
2023-11-06 01:25:10.650 +03:00  INF  Executing endpoint 'Cargomda.UI.Controllers.LoginController.Index (Cargomda.UI)'
2023-11-06 01:25:10.674 +03:00  INF  Route matched with {action = "Index", controller = "Login"}. Executing controller action with signature Microsoft.AspNetCore.Mvc.IActionResult Index() on controller Cargomda.UI.Controllers.LoginController (Cargomda.UI).
2023-11-06 01:25:10.763 +03:00  INF  Executing ViewResult, running view Index.
2023-11-06 01:25:10.863 +03:00  INF  Executed ViewResult - view Index executed in 100.0566ms.
2023-11-06 01:25:10.869 +03:00  INF  Executed action Cargomda.UI.Controllers.LoginController.Index (Cargomda.UI) in 194.6728ms
2023-11-06 01:25:10.869 +03:00  INF  Executed endpoint 'Cargomda.UI.Controllers.LoginController.Index (Cargomda.UI)'
2023-11-06 01:25:10.908 +03:00  INF  Request finished HTTP/2 GET https://localhost:44369/ - - - 200 - text/html;+charset=utf-8 319.5819ms
2023-11-06 01:25:10.919 +03:00  INF  Request starting HTTP/2 GET https://localhost:44369/_framework/aspnetcore-browser-refresh.js - -
2023-11-06 01:25:10.929 +03:00  INF  Request finished HTTP/2 GET https://localhost:44369/_framework/aspnetcore-browser-refresh.js - - - 200 11992 application/javascript;+charset=utf-8 3.6923ms
2023-11-06 01:25:10.931 +03:00  INF  Request starting HTTP/2 GET https://localhost:44369/_vs/browserLink - -
2023-11-06 01:25:10.962 +03:00  INF  Request finished HTTP/2 GET https://localhost:44369/_vs/browserLink - - - 200 - text/javascript;+charset=UTF-8 31.0303ms
2023-11-06 01:25:22.427 +03:00  INF  Request starting HTTP/2 GET https://localhost:44369/Register/Index/ - -
2023-11-06 01:25:22.430 +03:00  INF  Executing endpoint 'Cargomda.UI.Controllers.RegisterController.Index (Cargomda.UI)'
2023-11-06 01:25:22.431 +03:00  INF  Route matched with {action = "Index", controller = "Register"}. Executing controller action with signature Microsoft.AspNetCore.Mvc.IActionResult Index() on controller Cargomda.UI.Controllers.RegisterController (Cargomda.UI).
2023-11-06 01:25:22.434 +03:00  INF  Executing ViewResult, running view Index.
2023-11-06 01:25:22.451 +03:00  INF  Executed ViewResult - view Index executed in 17.0154ms.
2023-11-06 01:25:22.451 +03:00  INF  Executed action Cargomda.UI.Controllers.RegisterController.Index (Cargomda.UI) in 19.863ms
2023-11-06 01:25:22.451 +03:00  INF  Executed endpoint 'Cargomda.UI.Controllers.RegisterController.Index (Cargomda.UI)'
2023-11-06 01:25:22.455 +03:00  INF  Request finished HTTP/2 GET https://localhost:44369/Register/Index/ - - - 200 - text/html;+charset=utf-8 27.8408ms
2023-11-06 01:25:22.469 +03:00  INF  Request starting HTTP/2 GET https://localhost:44369/_framework/aspnetcore-browser-refresh.js - -
2023-11-06 01:25:22.470 +03:00  INF  Request finished HTTP/2 GET https://localhost:44369/_framework/aspnetcore-browser-refresh.js - - - 200 11992 application/javascript;+charset=utf-8 0.8317ms
2023-11-06 01:25:22.475 +03:00  INF  Request starting HTTP/2 GET https://localhost:44369/_vs/browserLink - -
2023-11-06 01:25:22.498 +03:00  INF  Request finished HTTP/2 GET https://localhost:44369/_vs/browserLink - - - 200 - text/javascript;+charset=UTF-8 22.6866ms
2023-11-06 01:25:50.537 +03:00  INF  User profile is available. Using 'C:\Users\PC\AppData\Local\ASP.NET\DataProtection-Keys' as key repository and Windows DPAPI to encrypt keys at rest.
2023-11-06 01:25:50.652 +03:00  INF  Application started. Press Ctrl+C to shut down.
2023-11-06 01:25:50.652 +03:00  INF  Hosting environment: Development
2023-11-06 01:25:50.652 +03:00  INF  Content root path: C:\Users\PC\Desktop\CargomdaCase\Cargomda\Cargomda.Case\
2023-11-06 01:25:50.667 +03:00  INF  Request starting HTTP/2 GET https://localhost:44369/ - -
2023-11-06 01:25:50.724 +03:00  INF  Executing endpoint 'Cargomda.UI.Controllers.LoginController.Index (Cargomda.UI)'
2023-11-06 01:25:50.751 +03:00  INF  Route matched with {action = "Index", controller = "Login"}. Executing controller action with signature Microsoft.AspNetCore.Mvc.IActionResult Index() on controller Cargomda.UI.Controllers.LoginController (Cargomda.UI).
2023-11-06 01:25:50.832 +03:00  INF  Executing ViewResult, running view Index.
2023-11-06 01:25:50.939 +03:00  INF  Executed ViewResult - view Index executed in 105.6645ms.
2023-11-06 01:25:50.944 +03:00  INF  Executed action Cargomda.UI.Controllers.LoginController.Index (Cargomda.UI) in 192.7086ms
2023-11-06 01:25:50.945 +03:00  INF  Executed endpoint 'Cargomda.UI.Controllers.LoginController.Index (Cargomda.UI)'
2023-11-06 01:25:50.982 +03:00  INF  Request finished HTTP/2 GET https://localhost:44369/ - - - 200 - text/html;+charset=utf-8 318.0942ms
2023-11-06 01:25:51.000 +03:00  INF  Request starting HTTP/2 GET https://localhost:44369/_framework/aspnetcore-browser-refresh.js - -
2023-11-06 01:25:51.010 +03:00  INF  Request finished HTTP/2 GET https://localhost:44369/_framework/aspnetcore-browser-refresh.js - - - 200 11992 application/javascript;+charset=utf-8 4.5634ms
2023-11-06 01:25:51.010 +03:00  INF  Request starting HTTP/2 GET https://localhost:44369/_vs/browserLink - -
2023-11-06 01:25:51.043 +03:00  INF  Request finished HTTP/2 GET https://localhost:44369/_vs/browserLink - - - 200 - text/javascript;+charset=UTF-8 32.3216ms
2023-11-06 01:25:52.259 +03:00  INF  Request starting HTTP/2 GET https://localhost:44369/Register/Index/ - -
2023-11-06 01:25:52.262 +03:00  INF  Executing endpoint 'Cargomda.UI.Controllers.RegisterController.Index (Cargomda.UI)'
2023-11-06 01:25:52.263 +03:00  INF  Route matched with {action = "Index", controller = "Register"}. Executing controller action with signature Microsoft.AspNetCore.Mvc.IActionResult Index() on controller Cargomda.UI.Controllers.RegisterController (Cargomda.UI).
2023-11-06 01:25:52.266 +03:00  INF  Executing ViewResult, running view Index.
2023-11-06 01:25:52.284 +03:00  INF  Executed ViewResult - view Index executed in 19.1878ms.
2023-11-06 01:25:52.285 +03:00  INF  Executed action Cargomda.UI.Controllers.RegisterController.Index (Cargomda.UI) in 21.7192ms
2023-11-06 01:25:52.285 +03:00  INF  Executed endpoint 'Cargomda.UI.Controllers.RegisterController.Index (Cargomda.UI)'
2023-11-06 01:25:52.286 +03:00  INF  Request finished HTTP/2 GET https://localhost:44369/Register/Index/ - - - 200 - text/html;+charset=utf-8 26.6938ms
2023-11-06 01:25:52.302 +03:00  INF  Request starting HTTP/2 GET https://localhost:44369/_framework/aspnetcore-browser-refresh.js - -
2023-11-06 01:25:52.303 +03:00  INF  Request finished HTTP/2 GET https://localhost:44369/_framework/aspnetcore-browser-refresh.js - - - 200 11992 application/javascript;+charset=utf-8 0.8980ms
2023-11-06 01:25:52.309 +03:00  INF  Request starting HTTP/2 GET https://localhost:44369/_vs/browserLink - -
2023-11-06 01:25:52.333 +03:00  INF  Request finished HTTP/2 GET https://localhost:44369/_vs/browserLink - - - 200 - text/javascript;+charset=UTF-8 23.9468ms
2023-11-06 01:26:02.968 +03:00  INF  Request starting HTTP/2 GET https://localhost:44369/Login/Index/ - -
2023-11-06 01:26:02.971 +03:00  INF  Executing endpoint 'Cargomda.UI.Controllers.LoginController.Index (Cargomda.UI)'
2023-11-06 01:26:02.971 +03:00  INF  Route matched with {action = "Index", controller = "Login"}. Executing controller action with signature Microsoft.AspNetCore.Mvc.IActionResult Index() on controller Cargomda.UI.Controllers.LoginController (Cargomda.UI).
2023-11-06 01:26:02.971 +03:00  INF  Executing ViewResult, running view Index.
2023-11-06 01:26:02.976 +03:00  INF  Executed ViewResult - view Index executed in 5.0055ms.
2023-11-06 01:26:02.976 +03:00  INF  Executed action Cargomda.UI.Controllers.LoginController.Index (Cargomda.UI) in 5.1992ms
2023-11-06 01:26:02.976 +03:00  INF  Executed endpoint 'Cargomda.UI.Controllers.LoginController.Index (Cargomda.UI)'
2023-11-06 01:26:02.978 +03:00  INF  Request finished HTTP/2 GET https://localhost:44369/Login/Index/ - - - 200 - text/html;+charset=utf-8 9.6825ms
2023-11-06 01:26:02.991 +03:00  INF  Request starting HTTP/2 GET https://localhost:44369/_framework/aspnetcore-browser-refresh.js - -
2023-11-06 01:26:02.992 +03:00  INF  Request finished HTTP/2 GET https://localhost:44369/_framework/aspnetcore-browser-refresh.js - - - 200 11992 application/javascript;+charset=utf-8 0.8992ms
2023-11-06 01:26:03.001 +03:00  INF  Request starting HTTP/2 GET https://localhost:44369/_vs/browserLink - -
2023-11-06 01:26:03.021 +03:00  INF  Request finished HTTP/2 GET https://localhost:44369/_vs/browserLink - - - 200 - text/javascript;+charset=UTF-8 20.3371ms
2023-11-06 01:26:03.058 +03:00  INF  Request starting HTTP/2 GET https://localhost:44369/Login/Index/img/favicon.ico - -
2023-11-06 01:26:03.061 +03:00  INF  Executing endpoint 'Cargomda.UI.Controllers.ErrorPageController.NotFound (Cargomda.UI)'
2023-11-06 01:26:03.070 +03:00  INF  Route matched with {action = "NotFound", controller = "ErrorPage"}. Executing controller action with signature Microsoft.AspNetCore.Mvc.IActionResult NotFound(Int32) on controller Cargomda.UI.Controllers.ErrorPageController (Cargomda.UI).
2023-11-06 01:26:03.080 +03:00  INF  Executing ViewResult, running view NotFound.
2023-11-06 01:26:03.089 +03:00  INF  Executed ViewResult - view NotFound executed in 10.0116ms.
2023-11-06 01:26:03.089 +03:00  INF  Executed action Cargomda.UI.Controllers.ErrorPageController.NotFound (Cargomda.UI) in 19.1586ms
2023-11-06 01:26:03.089 +03:00  INF  Executed endpoint 'Cargomda.UI.Controllers.ErrorPageController.NotFound (Cargomda.UI)'
2023-11-06 01:26:03.090 +03:00  INF  Request finished HTTP/2 GET https://localhost:44369/Login/Index/img/favicon.ico - - - 404 - text/html;+charset=utf-8 32.0444ms
2023-11-06 01:26:07.772 +03:00  INF  Request starting HTTP/2 POST https://localhost:44369/Login/Index/ application/x-www-form-urlencoded 216
2023-11-06 01:26:07.772 +03:00  INF  Executing endpoint 'Cargomda.UI.Controllers.LoginController.Index (Cargomda.UI)'
2023-11-06 01:26:07.779 +03:00  INF  Route matched with {action = "Index", controller = "Login"}. Executing controller action with signature System.Threading.Tasks.Task`1[Microsoft.AspNetCore.Mvc.IActionResult] Index(Cargomda.UI.Models.LoginViewModel) on controller Cargomda.UI.Controllers.LoginController (Cargomda.UI).
2023-11-06 01:26:09.439 +03:00  INF  AuthenticationScheme: Identity.Application signed in.
2023-11-06 01:26:09.441 +03:00  INF  Kullanıcı girişi başarıyla gerçekleşti: mete
2023-11-06 01:26:09.452 +03:00  INF  Executing RedirectResult, redirecting to /Dashboard.
2023-11-06 01:26:09.452 +03:00  INF  Executed action Cargomda.UI.Controllers.LoginController.Index (Cargomda.UI) in 1672.9845ms
2023-11-06 01:26:09.452 +03:00  INF  Executed endpoint 'Cargomda.UI.Controllers.LoginController.Index (Cargomda.UI)'
2023-11-06 01:26:09.457 +03:00  INF  Request finished HTTP/2 POST https://localhost:44369/Login/Index/ application/x-www-form-urlencoded 216 - 302 - - 1684.8469ms
2023-11-06 01:26:09.457 +03:00  INF  Request starting HTTP/2 GET https://localhost:44369/Dashboard - -
2023-11-06 01:26:09.463 +03:00  INF  Executing endpoint 'Cargomda.UI.Controllers.DashboardController.Index (Cargomda.UI)'
2023-11-06 01:26:09.464 +03:00  INF  Route matched with {action = "Index", controller = "Dashboard"}. Executing controller action with signature Microsoft.AspNetCore.Mvc.IActionResult Index() on controller Cargomda.UI.Controllers.DashboardController (Cargomda.UI).
2023-11-06 01:26:09.464 +03:00  INF  Executing ViewResult, running view Index.
2023-11-06 01:26:09.733 +03:00  INF  Executed ViewResult - view Index executed in 269.6081ms.
2023-11-06 01:26:09.734 +03:00  INF  Executed action Cargomda.UI.Controllers.DashboardController.Index (Cargomda.UI) in 269.8715ms
2023-11-06 01:26:09.734 +03:00  INF  Executed endpoint 'Cargomda.UI.Controllers.DashboardController.Index (Cargomda.UI)'
2023-11-06 01:26:09.738 +03:00  INF  Request finished HTTP/2 GET https://localhost:44369/Dashboard - - - 200 - text/html;+charset=utf-8 281.3106ms
2023-11-06 01:26:09.758 +03:00  INF  Request starting HTTP/2 GET https://localhost:44369/_framework/aspnetcore-browser-refresh.js - -
2023-11-06 01:26:09.759 +03:00  INF  Request finished HTTP/2 GET https://localhost:44369/_framework/aspnetcore-browser-refresh.js - - - 200 11992 application/javascript;+charset=utf-8 0.6952ms
2023-11-06 01:26:09.782 +03:00  INF  Request starting HTTP/2 GET https://localhost:44369/_vs/browserLink - -
2023-11-06 01:26:09.803 +03:00  INF  Request finished HTTP/2 GET https://localhost:44369/_vs/browserLink - - - 200 - text/javascript;+charset=UTF-8 21.0533ms
2023-11-06 01:31:14.577 +03:00  INF  User profile is available. Using 'C:\Users\PC\AppData\Local\ASP.NET\DataProtection-Keys' as key repository and Windows DPAPI to encrypt keys at rest.
2023-11-06 01:31:14.654 +03:00  INF  Application started. Press Ctrl+C to shut down.
2023-11-06 01:31:14.654 +03:00  INF  Hosting environment: Development
2023-11-06 01:31:14.654 +03:00  INF  Content root path: C:\Users\PC\Desktop\CargomdaCase\Cargomda\Cargomda.Case\
2023-11-06 01:31:14.667 +03:00  INF  Request starting HTTP/2 GET https://localhost:44369/ - -
2023-11-06 01:31:14.765 +03:00  INF  Executing endpoint 'Cargomda.UI.Controllers.LoginController.Index (Cargomda.UI)'
2023-11-06 01:31:14.773 +03:00  INF  Route matched with {action = "Index", controller = "Login"}. Executing controller action with signature Microsoft.AspNetCore.Mvc.IActionResult Index() on controller Cargomda.UI.Controllers.LoginController (Cargomda.UI).
2023-11-06 01:31:14.779 +03:00  INF  Executing ViewResult, running view Index.
2023-11-06 01:31:14.832 +03:00  INF  Executed ViewResult - view Index executed in 53.2238ms.
2023-11-06 01:31:14.834 +03:00  INF  Executed action Cargomda.UI.Controllers.LoginController.Index (Cargomda.UI) in 60.3005ms
2023-11-06 01:31:14.834 +03:00  INF  Executed endpoint 'Cargomda.UI.Controllers.LoginController.Index (Cargomda.UI)'
2023-11-06 01:31:14.851 +03:00  INF  Request finished HTTP/2 GET https://localhost:44369/ - - - 200 - text/html;+charset=utf-8 187.3793ms
2023-11-06 01:31:14.865 +03:00  INF  Request starting HTTP/2 GET https://localhost:44369/_framework/aspnetcore-browser-refresh.js - -
2023-11-06 01:31:14.869 +03:00  INF  Request finished HTTP/2 GET https://localhost:44369/_framework/aspnetcore-browser-refresh.js - - - 200 11992 application/javascript;+charset=utf-8 2.4382ms
2023-11-06 01:31:14.885 +03:00  INF  Request starting HTTP/2 GET https://localhost:44369/_vs/browserLink - -
2023-11-06 01:31:14.908 +03:00  INF  Request finished HTTP/2 GET https://localhost:44369/_vs/browserLink - - - 200 - text/javascript;+charset=UTF-8 23.5641ms
2023-11-06 01:31:20.057 +03:00  INF  Request starting HTTP/2 POST https://localhost:44369/ application/x-www-form-urlencoded 259
2023-11-06 01:31:20.060 +03:00  INF  Executing endpoint 'Cargomda.UI.Controllers.LoginController.Index (Cargomda.UI)'
2023-11-06 01:31:20.072 +03:00  INF  Route matched with {action = "Index", controller = "Login"}. Executing controller action with signature System.Threading.Tasks.Task`1[Microsoft.AspNetCore.Mvc.IActionResult] Index(Cargomda.UI.Models.LoginViewModel) on controller Cargomda.UI.Controllers.LoginController (Cargomda.UI).
2023-11-06 01:31:21.007 +03:00  INF  AuthenticationScheme: Identity.Application signed in.
2023-11-06 01:31:21.007 +03:00  INF  Kullanıcı girişi başarıyla gerçekleşti: mete
2023-11-06 01:31:21.015 +03:00  INF  Executing RedirectResult, redirecting to /Dashboard.
2023-11-06 01:31:21.015 +03:00  INF  Executed action Cargomda.UI.Controllers.LoginController.Index (Cargomda.UI) in 942.6177ms
2023-11-06 01:31:21.015 +03:00  INF  Executed endpoint 'Cargomda.UI.Controllers.LoginController.Index (Cargomda.UI)'
2023-11-06 01:31:21.017 +03:00  INF  Request finished HTTP/2 POST https://localhost:44369/ application/x-www-form-urlencoded 259 - 302 - - 959.9551ms
2023-11-06 01:31:21.019 +03:00  INF  Request starting HTTP/2 GET https://localhost:44369/Dashboard - -
2023-11-06 01:31:21.028 +03:00  INF  Executing endpoint 'Cargomda.UI.Controllers.DashboardController.Index (Cargomda.UI)'
2023-11-06 01:31:21.028 +03:00  INF  Route matched with {action = "Index", controller = "Dashboard"}. Executing controller action with signature Microsoft.AspNetCore.Mvc.IActionResult Index() on controller Cargomda.UI.Controllers.DashboardController (Cargomda.UI).
2023-11-06 01:31:21.029 +03:00  INF  Executing ViewResult, running view Index.
2023-11-06 01:31:21.201 +03:00  INF  Executed ViewResult - view Index executed in 172.0634ms.
2023-11-06 01:31:21.201 +03:00  INF  Executed action Cargomda.UI.Controllers.DashboardController.Index (Cargomda.UI) in 172.3492ms
2023-11-06 01:31:21.201 +03:00  INF  Executed endpoint 'Cargomda.UI.Controllers.DashboardController.Index (Cargomda.UI)'
2023-11-06 01:31:21.202 +03:00  INF  Request finished HTTP/2 GET https://localhost:44369/Dashboard - - - 200 - text/html;+charset=utf-8 183.2704ms
2023-11-06 01:31:21.226 +03:00  INF  Request starting HTTP/2 GET https://localhost:44369/_framework/aspnetcore-browser-refresh.js - -
2023-11-06 01:31:21.227 +03:00  INF  Request finished HTTP/2 GET https://localhost:44369/_framework/aspnetcore-browser-refresh.js - - - 200 11992 application/javascript;+charset=utf-8 0.7100ms
2023-11-06 01:31:21.243 +03:00  INF  Request starting HTTP/2 GET https://localhost:44369/_vs/browserLink - -
2023-11-06 01:31:21.263 +03:00  INF  Request finished HTTP/2 GET https://localhost:44369/_vs/browserLink - - - 200 - text/javascript;+charset=UTF-8 19.8345ms
2023-11-06 01:31:22.274 +03:00  INF  Request starting HTTP/2 GET https://localhost:44369/Users/Index/ - -
2023-11-06 01:31:22.276 +03:00  INF  Executing endpoint 'Cargomda.UI.Controllers.UsersController.Index (Cargomda.UI)'
2023-11-06 01:31:22.277 +03:00  INF  Route matched with {action = "Index", controller = "Users"}. Executing controller action with signature Microsoft.AspNetCore.Mvc.IActionResult Index() on controller Cargomda.UI.Controllers.UsersController (Cargomda.UI).
2023-11-06 01:31:22.289 +03:00  INF  Kullanıcılar başarıyla listelendi.
2023-11-06 01:31:22.290 +03:00  INF  Executing ViewResult, running view Index.
2023-11-06 01:31:22.294 +03:00  INF  Executed ViewResult - view Index executed in 4.0076ms.
2023-11-06 01:31:22.294 +03:00  INF  Executed action Cargomda.UI.Controllers.UsersController.Index (Cargomda.UI) in 17.0036ms
2023-11-06 01:31:22.294 +03:00  INF  Executed endpoint 'Cargomda.UI.Controllers.UsersController.Index (Cargomda.UI)'
2023-11-06 01:31:22.295 +03:00  INF  Request finished HTTP/2 GET https://localhost:44369/Users/Index/ - - - 200 - text/html;+charset=utf-8 20.7829ms
2023-11-06 01:31:22.312 +03:00  INF  Request starting HTTP/2 GET https://localhost:44369/_framework/aspnetcore-browser-refresh.js - -
2023-11-06 01:31:22.312 +03:00  INF  Request finished HTTP/2 GET https://localhost:44369/_framework/aspnetcore-browser-refresh.js - - - 200 11992 application/javascript;+charset=utf-8 0.5898ms
2023-11-06 01:31:22.318 +03:00  INF  Request starting HTTP/2 GET https://localhost:44369/_vs/browserLink - -
2023-11-06 01:31:22.339 +03:00  INF  Request finished HTTP/2 GET https://localhost:44369/_vs/browserLink - - - 200 - text/javascript;+charset=UTF-8 20.4107ms
2023-11-06 01:32:01.789 +03:00  INF  User profile is available. Using 'C:\Users\PC\AppData\Local\ASP.NET\DataProtection-Keys' as key repository and Windows DPAPI to encrypt keys at rest.
2023-11-06 01:32:01.863 +03:00  INF  Application started. Press Ctrl+C to shut down.
2023-11-06 01:32:01.863 +03:00  INF  Hosting environment: Development
2023-11-06 01:32:01.863 +03:00  INF  Content root path: C:\Users\PC\Desktop\CargomdaCase\Cargomda\Cargomda.Case\
2023-11-06 01:32:01.876 +03:00  INF  Request starting HTTP/2 GET https://localhost:44369/Users/Index/ - -
2023-11-06 01:32:01.968 +03:00  INF  Executing endpoint 'Cargomda.UI.Controllers.UsersController.Index (Cargomda.UI)'
2023-11-06 01:32:01.977 +03:00  INF  Route matched with {action = "Index", controller = "Users"}. Executing controller action with signature Microsoft.AspNetCore.Mvc.IActionResult Index() on controller Cargomda.UI.Controllers.UsersController (Cargomda.UI).
2023-11-06 01:32:02.780 +03:00  INF  Kullanıcılar başarıyla listelendi.
2023-11-06 01:32:02.784 +03:00  INF  Executing ViewResult, running view Index.
2023-11-06 01:32:02.833 +03:00  INF  Executed ViewResult - view Index executed in 48.4733ms.
2023-11-06 01:32:02.835 +03:00  INF  Executed action Cargomda.UI.Controllers.UsersController.Index (Cargomda.UI) in 857.222ms
2023-11-06 01:32:02.835 +03:00  INF  Executed endpoint 'Cargomda.UI.Controllers.UsersController.Index (Cargomda.UI)'
2023-11-06 01:32:02.853 +03:00  INF  Request finished HTTP/2 GET https://localhost:44369/Users/Index/ - - - 200 - text/html;+charset=utf-8 980.0728ms
2023-11-06 01:32:02.863 +03:00  INF  Request starting HTTP/2 GET https://localhost:44369/_framework/aspnetcore-browser-refresh.js - -
2023-11-06 01:32:02.867 +03:00  INF  Request finished HTTP/2 GET https://localhost:44369/_framework/aspnetcore-browser-refresh.js - - - 200 11992 application/javascript;+charset=utf-8 2.6061ms
2023-11-06 01:32:02.869 +03:00  INF  Request starting HTTP/2 GET https://localhost:44369/_vs/browserLink - -
2023-11-06 01:32:02.890 +03:00  INF  Request finished HTTP/2 GET https://localhost:44369/_vs/browserLink - - - 200 - text/javascript;+charset=UTF-8 21.1154ms
2023-11-06 01:32:21.755 +03:00  INF  User profile is available. Using 'C:\Users\PC\AppData\Local\ASP.NET\DataProtection-Keys' as key repository and Windows DPAPI to encrypt keys at rest.
2023-11-06 01:32:21.825 +03:00  INF  Application started. Press Ctrl+C to shut down.
2023-11-06 01:32:21.825 +03:00  INF  Hosting environment: Development
2023-11-06 01:32:21.825 +03:00  INF  Content root path: C:\Users\PC\Desktop\CargomdaCase\Cargomda\Cargomda.Case\
2023-11-06 01:32:21.837 +03:00  INF  Request starting HTTP/2 GET https://localhost:44369/Users/Index/ - -
2023-11-06 01:32:21.926 +03:00  INF  Executing endpoint 'Cargomda.UI.Controllers.UsersController.Index (Cargomda.UI)'
2023-11-06 01:32:21.934 +03:00  INF  Route matched with {action = "Index", controller = "Users"}. Executing controller action with signature Microsoft.AspNetCore.Mvc.IActionResult Index() on controller Cargomda.UI.Controllers.UsersController (Cargomda.UI).
2023-11-06 01:32:22.775 +03:00  INF  Kullanıcılar başarıyla listelendi.
2023-11-06 01:32:22.779 +03:00  INF  Executing ViewResult, running view Index.
2023-11-06 01:32:22.828 +03:00  INF  Executed ViewResult - view Index executed in 48.4535ms.
2023-11-06 01:32:22.830 +03:00  INF  Executed action Cargomda.UI.Controllers.UsersController.Index (Cargomda.UI) in 895.4924ms
2023-11-06 01:32:22.830 +03:00  INF  Executed endpoint 'Cargomda.UI.Controllers.UsersController.Index (Cargomda.UI)'
2023-11-06 01:32:22.850 +03:00  INF  Request finished HTTP/2 GET https://localhost:44369/Users/Index/ - - - 200 - text/html;+charset=utf-8 1015.1454ms
2023-11-06 01:32:22.859 +03:00  INF  Request starting HTTP/2 GET https://localhost:44369/_framework/aspnetcore-browser-refresh.js - -
2023-11-06 01:32:22.862 +03:00  INF  Request finished HTTP/2 GET https://localhost:44369/_framework/aspnetcore-browser-refresh.js - - - 200 11992 application/javascript;+charset=utf-8 2.0876ms
2023-11-06 01:32:22.864 +03:00  INF  Request starting HTTP/2 GET https://localhost:44369/_vs/browserLink - -
2023-11-06 01:32:22.886 +03:00  INF  Request finished HTTP/2 GET https://localhost:44369/_vs/browserLink - - - 200 - text/javascript;+charset=UTF-8 22.0413ms
2023-11-06 01:32:58.014 +03:00  INF  User profile is available. Using 'C:\Users\PC\AppData\Local\ASP.NET\DataProtection-Keys' as key repository and Windows DPAPI to encrypt keys at rest.
2023-11-06 01:32:58.096 +03:00  INF  Application started. Press Ctrl+C to shut down.
2023-11-06 01:32:58.096 +03:00  INF  Hosting environment: Development
2023-11-06 01:32:58.096 +03:00  INF  Content root path: C:\Users\PC\Desktop\CargomdaCase\Cargomda\Cargomda.Case\
2023-11-06 01:32:58.111 +03:00  INF  Request starting HTTP/2 GET https://localhost:44369/Users/Index/ - -
2023-11-06 01:32:58.205 +03:00  INF  Executing endpoint 'Cargomda.UI.Controllers.UsersController.Index (Cargomda.UI)'
2023-11-06 01:32:58.215 +03:00  INF  Route matched with {action = "Index", controller = "Users"}. Executing controller action with signature Microsoft.AspNetCore.Mvc.IActionResult Index() on controller Cargomda.UI.Controllers.UsersController (Cargomda.UI).
2023-11-06 01:32:59.049 +03:00  INF  Kullanıcılar başarıyla listelendi.
2023-11-06 01:32:59.053 +03:00  INF  Executing ViewResult, running view Index.
2023-11-06 01:32:59.114 +03:00  INF  Executed ViewResult - view Index executed in 60.6222ms.
2023-11-06 01:32:59.116 +03:00  INF  Executed action Cargomda.UI.Controllers.UsersController.Index (Cargomda.UI) in 900.963ms
2023-11-06 01:32:59.117 +03:00  INF  Executed endpoint 'Cargomda.UI.Controllers.UsersController.Index (Cargomda.UI)'
2023-11-06 01:32:59.139 +03:00  INF  Request finished HTTP/2 GET https://localhost:44369/Users/Index/ - - - 200 - text/html;+charset=utf-8 1030.4394ms
2023-11-06 01:32:59.149 +03:00  INF  Request starting HTTP/2 GET https://localhost:44369/_framework/aspnetcore-browser-refresh.js - -
2023-11-06 01:32:59.153 +03:00  INF  Request finished HTTP/2 GET https://localhost:44369/_framework/aspnetcore-browser-refresh.js - - - 200 11992 application/javascript;+charset=utf-8 2.8581ms
2023-11-06 01:32:59.157 +03:00  INF  Request starting HTTP/2 GET https://localhost:44369/_vs/browserLink - -
2023-11-06 01:32:59.182 +03:00  INF  Request finished HTTP/2 GET https://localhost:44369/_vs/browserLink - - - 200 - text/javascript;+charset=UTF-8 24.3747ms
